13:50:42.287 karate.env system property was: demo 
13:50:42.716 request:
1 > GET https://viva-api-sit.vivaenergy.com.au/api/v1/customer-hierarchy?customers=75237
1 > Accept-Encoding: gzip,deflate
1 > Connection: Keep-Alive
1 > Host: viva-api-sit.vivaenergy.com.au
1 > User-Agent: Apache-HttpClient/4.5.5 (Java/1.8.0_201)
1 > app_id: fb844bc5
1 > app_key: 1cfc905099d39960274b6c2cd5a451b8

13:50:43.456 response time in milliseconds: 738.16
1 < 200
1 < Connection: keep-alive
1 < Content-Type: application/json
1 < Date: Wed, 10 Jul 2019 03:51:03 GMT
1 < ESB-CREATION-TIME: 2019-07-10T13:50:43.833+1000
1 < ESB-INITIAL-COMPONENT: adapter-jde-customer-hierarchy-v1
1 < ESB-INITIAL-OPERATION: searchCustomerHierarchy
1 < ESB-INITIAL-ROLE: Producer
1 < ESB-INITIAL-SYSTEM: API
1 < ESB-INITIAL-USER: API
1 < ESB-TRACKING-ID: 41b2e186-8a2c-4c2c-87d7-13e96336ec5e
1 < ESB-TRANSACTION-ID: 63658ae4-a72b-4bd4-b2ee-0f83f1e4da07
1 < Server: openresty/1.13.6.2
1 < Set-Cookie: BIGipServerpool_api-sit-local.vivaenergy.com.au=3037340426.65055.0000; path=/; Httponly; Secure
1 < Transfer-Encoding: chunked
{"customerPartys":[{"abn":"67385993131","address":[{"addressLine1":"61-63 KINGSTON ROAD","addressLine2":"","city":"HEATHERTON","country":"AU","postalCode":"3202","state":"VIC"}],"businessUnit":"100","category":"CS","identifiers":[{"id":"532734","type":"Public"}],"isSuspended":false,"name":"KINGSTON GARAGE PTY LTD","status":"Active","type":"CustomerAccountAndDeliveryLocation","children":[{"abn":"67385993131","address":[{"addressLine1":"61-63  KINGSTON ROAD","addressLine2":"","city":"HEATHERTON","country":"AU","postalCode":"3202","state":"VIC"}],"businessUnit":"100","category":"CS","identifiers":[{"id":"75237","type":"Public"}],"isSuspended":false,"name":"KINGSTON GARAGE PTY LTD DR","status":"Active","type":"CustomerDeliveryLocation","customerSegmentation":{"code":"03","description":"REFUND"},"marketSegment":{"code":"70","description":"RESELLER"},"relationshipType":{"code":"02","description":"DEALER OWNED"}},{"abn":"67385993131","address":[{"addressLine1":"61-63 KINGSTON RD","addressLine2":"","city":"HEATHERTON","country":"AU","postalCode":"3202","state":"VIC"}],"businessUnit":"100","category":"C","identifiers":[{"id":"695430","type":"Public"}],"isSuspended":false,"name":"KINGSTON GARAGE PTY LTD  FUELS A/C","status":"Active","type":"CustomerAccount","children":[{"abn":"","address":[{"addressLine1":"61-63 KINGSTON RD","addressLine2":"","city":"HEATHERTON","country":"AU","postalCode":"3202","state":"VIC"}],"businessUnit":"100","category":"CS","identifiers":[{"id":"440771","type":"Public"}],"isSuspended":false,"name":"KINGSTON GARAGE P/L   FUELS A/C","status":"Active","type":"CustomerDeliveryLocation","customerDeliveryLocation":{"productRestrictionCode":{"code":"FL","description":"Fuels Ship To"}},"customerSegmentation":{"code":""},"marketSegment":{"code":"70","description":"RESELLER"},"relationshipType":{"code":"02"}}],"customerSegmentation":{"code":"999","description":"NOT APPLICABLE"},"marketSegment":{"code":"70","description":"RESELLER"},"relationshipType":{"code":"02","description":"DEALER OWNED"}},{"abn":"67385993131","address":[{"addressLine1":"61  63 KINGSTON RD","addressLine2":"","city":"HEATHERTON","country":"AU","postalCode":"3202","state":"VIC"}],"businessUnit":"100","category":"C","identifiers":[{"id":"695431","type":"Public"}],"isSuspended":false,"name":"KINGSTON GARAGE PTY LTD  LUBES A/C","status":"Active","type":"CustomerAccount","children":[{"abn":"","address":[{"addressLine1":"61-63 KINGSTON RD","addressLine2":"","city":"HEATHERTON","country":"AU","postalCode":"3202","state":"VIC"}],"businessUnit":"100","category":"CS","identifiers":[{"id":"440772","type":"Public"}],"isSuspended":false,"name":"KINGSTON GARAGE P/L   LUBES A/CT","status":"Active","type":"CustomerDeliveryLocation","customerDeliveryLocation":{"productRestrictionCode":{"code":"LB","description":"Bulk Lubes Ship To"}},"customerSegmentation":{"code":"06","description":"MERCH. PURCH. PRICE"},"marketSegment":{"code":"70","description":"RESELLER"},"relationshipType":{"code":"02"}}],"customerSegmentation":{"code":"999","description":"NOT APPLICABLE"},"marketSegment":{"code":"70","description":"RESELLER"},"relationshipType":{"code":"02","description":"DEALER OWNED"}}],"customerSegmentation":{"code":"03","description":"REFUND"},"marketSegment":{"code":"70","description":"RESELLER"},"relationshipType":{"code":"02","description":"DEALER OWNED"}}]}

