13:50:42.288 karate.env system property was: demo 
13:50:42.716 request:
1 > GET https://viva-api-sit.vivaenergy.com.au/api/v1/products?customerDeliveryLocationID=440771
1 > Accept-Encoding: gzip,deflate
1 > Connection: Keep-Alive
1 > Host: viva-api-sit.vivaenergy.com.au
1 > User-Agent: Apache-HttpClient/4.5.5 (Java/1.8.0_201)
1 > app_id: fb844bc5
1 > app_key: 1cfc905099d39960274b6c2cd5a451b8

13:50:43.164 response time in milliseconds: 445.04
1 < 200
1 < Accept-Encoding: gzip,deflate
1 < Connection: keep-alive
1 < Content-Type: application/json
1 < Date: Wed, 10 Jul 2019 03:51:03 GMT
1 < ESB-CREATION-TIME: 2019-07-10T13:50:43.829+1000
1 < ESB-INITIAL-COMPONENT: adapter-jde-product-v1
1 < ESB-INITIAL-OPERATION: searchProduct
1 < ESB-INITIAL-ROLE: Producer
1 < ESB-INITIAL-SYSTEM: API
1 < ESB-INITIAL-USER: API
1 < ESB-TRACKING-ID: c13524fc-c17f-48d8-b29f-1dd54b0f4ce7
1 < ESB-TRANSACTION-ID: 4ef1b14f-0d7c-4734-90fe-98e033081a35
1 < Host: api-sit-local.vivaenergy.com.au
1 < Server: openresty/1.13.6.2
1 < Set-Cookie: BIGipServerpool_api-sit-local.vivaenergy.com.au=3037340426.65055.0000; path=/; Httponly; Secure
1 < Transfer-Encoding: chunked
1 < User-Agent: Apache-HttpClient/4.5.5 (Java/1.8.0_201)
1 < X-3scale-proxy-secret-token: Shared_secret_sent_from_proxy_to_API_backend_7a06afe40f609d29
1 < X-Real-IP: 10.34.48.6
1 < app_id: fb844bc5
1 < app_key: 1cfc905099d39960274b6c2cd5a451b8
1 < breadcrumbId: ID-vtuvainb004-swglg01-local-43670-1562123802254-112-55031
1 < customerDeliveryLocationID: 440771
1 < id: 440771
{"products":[{"customerPartys":[{"identifiers":[{"id":"440771","type":"Public"}],"type":"CustomerDeliveryLocation"}],"hasReplacement":false,"identifiers":[{"id":"200004975","type":"Public"}],"isBought":false,"isBulkItem":true,"isCharge":false,"isHydrocarbon":true,"isNotLaunched":false,"isPacked":false,"isSaleable":true,"isService":false,"isSpare":false,"isWithdrawalPlanned":false,"isWithdrawn":false,"name":"DIESEL EXTRA / BULK","packCode":{"code":"176","description":"NO PACKAGING (BULK)"},"pricingUnitOfMeasure":"LitreAmbient","primaryUnitOfMeasure":"LitreAmbient","productGroup":{"code":"10","description":"Fuels"}},{"customerPartys":[{"identifiers":[{"id":"440771","type":"Public"}],"type":"CustomerDeliveryLocation"}],"hasReplacement":false,"identifiers":[{"id":"200004320","type":"Public"}],"isBought":false,"isBulkItem":true,"isCharge":false,"isHydrocarbon":true,"isNotLaunched":false,"isPacked":false,"isSaleable":true,"isService":false,"isSpare":false,"isWithdrawalPlanned":false,"isWithdrawn":false,"name":"DIESOLINE 10 (UNMARKED) BULK","packCode":{"code":"176","description":"NO PACKAGING (BULK)"},"pricingUnitOfMeasure":"LitreAmbient","primaryUnitOfMeasure":"LitreAmbient","productGroup":{"code":"10","description":"Fuels"}},{"customerPartys":[{"identifiers":[{"id":"440771","type":"Public"}],"type":"CustomerDeliveryLocation"}],"hasReplacement":false,"identifiers":[{"id":"200005340","type":"Public"}],"isBought":false,"isBulkItem":true,"isCharge":false,"isHydrocarbon":true,"isNotLaunched":false,"isPacked":false,"isSaleable":true,"isService":false,"isSpare":false,"isWithdrawalPlanned":false,"isWithdrawn":false,"name":"SHELL PREMIUM UNLEADED 98-B","packCode":{"code":"176","description":"NO PACKAGING (BULK)"},"pricingUnitOfMeasure":"LitreAmbient","primaryUnitOfMeasure":"LitreAmbient","productGroup":{"code":"10","description":"Fuels"}},{"customerPartys":[{"identifiers":[{"id":"440771","type":"Public"}],"type":"CustomerDeliveryLocation"}],"hasReplacement":false,"identifiers":[{"id":"200004240","type":"Public"}],"isBought":false,"isBulkItem":true,"isCharge":false,"isHydrocarbon":true,"isNotLaunched":false,"isPacked":false,"isSaleable":true,"isService":false,"isSpare":false,"isWithdrawalPlanned":false,"isWithdrawn":false,"name":"UNLEADED PETROL FE(UNMKD)-B","packCode":{"code":"176","description":"NO PACKAGING (BULK)"},"pricingUnitOfMeasure":"LitreAmbient","primaryUnitOfMeasure":"LitreAmbient","productGroup":{"code":"10","description":"Fuels"}},{"customerPartys":[{"identifiers":[{"id":"440771","type":"Public"}],"type":"CustomerDeliveryLocation"}],"hasReplacement":false,"identifiers":[{"id":"200001735","type":"Public"}],"isBought":false,"isBulkItem":true,"isCharge":false,"isHydrocarbon":true,"isNotLaunched":false,"isPacked":false,"isSaleable":true,"isService":false,"isSpare":false,"isWithdrawalPlanned":false,"isWithdrawn":false,"name":"UNLEADED PETROL(UNMKD)-B","packCode":{"code":"176","description":"NO PACKAGING (BULK)"},"pricingUnitOfMeasure":"LitreAmbient","primaryUnitOfMeasure":"LitreAmbient","productGroup":{"code":"10","description":"Fuels"}}]}

